2023-08-22 23:16:36,804 INFO com.app.Application [restartedMain] Starting Application using Java 17.0.7 on sunbeam-Nitro-AN515-51 with PID 14291 (/home/sunbeam/Desktop/Project/Alpha/MyMaestroApp/mymaestroapp-backend/mymaestroapp/target/classes started by sunbeam in /home/sunbeam/Desktop/Project/Alpha/MyMaestroApp/mymaestroapp-backend/mymaestroapp)
2023-08-22 23:16:36,804 INFO com.app.Application [restartedMain] No active profile set, falling back to 1 default profile: "default"
2023-08-22 23:16:37,069 INFO org.apache.catalina.core.StandardService [restartedMain] Starting service [Tomcat]
2023-08-22 23:16:37,070 INFO org.apache.catalina.core.StandardEngine [restartedMain] Starting Servlet engine: [Apache Tomcat/9.0.76]
2023-08-22 23:16:37,077 INFO org.apache.catalina.core.ContainerBase.[Tomcat].[localhost].[/] [restartedMain] Initializing Spring embedded WebApplicationContext
2023-08-22 23:16:37,121 INFO org.hibernate.jpa.internal.util.LogHelper [restartedMain] HHH000204: Processing PersistenceUnitInfo [name: default]
2023-08-22 23:16:37,125 INFO com.zaxxer.hikari.HikariDataSource [restartedMain] HikariPool-3 - Starting...
2023-08-22 23:16:37,128 INFO com.zaxxer.hikari.HikariDataSource [restartedMain] HikariPool-3 - Start completed.
2023-08-22 23:16:37,128 INFO org.hibernate.dialect.Dialect [restartedMain] HHH000400: Using dialect: org.hibernate.dialect.MySQL8Dialect
2023-08-22 23:16:37,269 INFO org.hibernate.engine.transaction.jta.platform.internal.JtaPlatformInitiator [restartedMain] HHH000490: Using JtaPlatform implementation: [org.hibernate.engine.transaction.jta.platform.internal.NoJtaPlatform]
2023-08-22 23:16:37,921 INFO com.app.Application [restartedMain] Started Application in 1.154 seconds (JVM running for 1128.388)
2023-08-22 23:17:46,677 INFO org.apache.catalina.core.StandardService [RMI TCP Connection(2)-127.0.0.1] Stopping service [Tomcat]
2023-08-22 23:17:46,680 WARN org.apache.catalina.loader.WebappClassLoaderBase [RMI TCP Connection(2)-127.0.0.1] The web application [ROOT] appears to have started a thread named [HikariPool-3 housekeeper] but has failed to stop it. This is very likely to create a memory leak. Stack trace of thread:
 java.base@17.0.7/jdk.internal.misc.Unsafe.park(Native Method)
 java.base@17.0.7/java.util.concurrent.locks.LockSupport.parkNanos(LockSupport.java:252)
 java.base@17.0.7/java.util.concurrent.locks.AbstractQueuedSynchronizer$ConditionObject.awaitNanos(AbstractQueuedSynchronizer.java:1672)
 java.base@17.0.7/java.util.concurrent.ScheduledThreadPoolExecutor$DelayedWorkQueue.take(ScheduledThreadPoolExecutor.java:1182)
 java.base@17.0.7/java.util.concurrent.ScheduledThreadPoolExecutor$DelayedWorkQueue.take(ScheduledThreadPoolExecutor.java:899)
 java.base@17.0.7/java.util.concurrent.ThreadPoolExecutor.getTask(ThreadPoolExecutor.java:1062)
 java.base@17.0.7/java.util.concurrent.ThreadPoolExecutor.runWorker(ThreadPoolExecutor.java:1122)
 java.base@17.0.7/java.util.concurrent.ThreadPoolExecutor$Worker.run(ThreadPoolExecutor.java:635)
 java.base@17.0.7/java.lang.Thread.run(Thread.java:833)
2023-08-22 23:17:46,690 INFO com.zaxxer.hikari.HikariDataSource [RMI TCP Connection(2)-127.0.0.1] HikariPool-3 - Shutdown initiated...
2023-08-22 23:17:46,691 INFO com.zaxxer.hikari.HikariDataSource [RMI TCP Connection(2)-127.0.0.1] HikariPool-3 - Shutdown completed.
2023-08-22 23:17:50,915 INFO com.app.Application [restartedMain] Starting Application using Java 17.0.7 on sunbeam-Nitro-AN515-51 with PID 15678 (/home/sunbeam/Desktop/Project/Alpha/MyMaestroApp/mymaestroapp-backend/mymaestroapp/target/classes started by sunbeam in /home/sunbeam/Desktop/Project/Alpha/MyMaestroApp/mymaestroapp-backend/mymaestroapp)
2023-08-22 23:17:50,917 INFO com.app.Application [restartedMain] No active profile set, falling back to 1 default profile: "default"
2023-08-22 23:17:52,242 INFO org.apache.catalina.core.StandardService [restartedMain] Starting service [Tomcat]
2023-08-22 23:17:52,243 INFO org.apache.catalina.core.StandardEngine [restartedMain] Starting Servlet engine: [Apache Tomcat/9.0.76]
2023-08-22 23:17:52,321 INFO org.apache.catalina.core.ContainerBase.[Tomcat].[localhost].[/] [restartedMain] Initializing Spring embedded WebApplicationContext
2023-08-22 23:17:52,478 INFO org.hibernate.jpa.internal.util.LogHelper [restartedMain] HHH000204: Processing PersistenceUnitInfo [name: default]
2023-08-22 23:17:52,520 INFO org.hibernate.Version [restartedMain] HHH000412: Hibernate ORM core version 5.6.15.Final
2023-08-22 23:17:52,659 INFO org.hibernate.annotations.common.Version [restartedMain] HCANN000001: Hibernate Commons Annotations {5.1.2.Final}
2023-08-22 23:17:52,750 INFO com.zaxxer.hikari.HikariDataSource [restartedMain] HikariPool-1 - Starting...
2023-08-22 23:17:52,912 INFO com.zaxxer.hikari.HikariDataSource [restartedMain] HikariPool-1 - Start completed.
2023-08-22 23:17:52,927 INFO org.hibernate.dialect.Dialect [restartedMain] HHH000400: Using dialect: org.hibernate.dialect.MySQL8Dialect
2023-08-22 23:17:53,743 INFO org.hibernate.engine.transaction.jta.platform.internal.JtaPlatformInitiator [restartedMain] HHH000490: Using JtaPlatform implementation: [org.hibernate.engine.transaction.jta.platform.internal.NoJtaPlatform]
2023-08-22 23:17:55,361 INFO com.app.Application [restartedMain] Started Application in 4.793 seconds (JVM running for 5.408)
2023-08-22 23:18:14,792 INFO org.apache.catalina.core.ContainerBase.[Tomcat].[localhost].[/] [http-nio-8080-exec-1] Initializing Spring DispatcherServlet 'dispatcherServlet'
2023-08-22 23:18:14,811 INFO com.app.filters.JWTRequestFilter [http-nio-8080-exec-1] in once per request filter
2023-08-22 23:18:14,812 ERROR com.app.filters.JWTRequestFilter [http-nio-8080-exec-1] Request header DOES NOT contain a Bearer Token
2023-08-22 23:18:15,230 INFO com.app.jwt_utils.JwtUtils [http-nio-8080-exec-1] generate jwt token UsernamePasswordAuthenticationToken [Principal=com.app.security.MyUserDetails@9350747, Credentials=[PROTECTED], Authenticated=true, Details=null, Granted Authorities=[ROLE_MAESTRO]]
2023-08-22 23:19:25,061 INFO org.apache.catalina.core.StandardService [Thread-5] Stopping service [Tomcat]
2023-08-22 23:19:25,062 INFO org.apache.catalina.core.ContainerBase.[Tomcat].[localhost].[/] [Thread-5] Destroying Spring FrameworkServlet 'dispatcherServlet'
2023-08-22 23:19:25,064 WARN org.apache.catalina.loader.WebappClassLoaderBase [Thread-5] The web application [ROOT] appears to have started a thread named [HikariPool-1 housekeeper] but has failed to stop it. This is very likely to create a memory leak. Stack trace of thread:
 java.base@17.0.7/jdk.internal.misc.Unsafe.park(Native Method)
 java.base@17.0.7/java.util.concurrent.locks.LockSupport.parkNanos(LockSupport.java:252)
 java.base@17.0.7/java.util.concurrent.locks.AbstractQueuedSynchronizer$ConditionObject.awaitNanos(AbstractQueuedSynchronizer.java:1672)
 java.base@17.0.7/java.util.concurrent.ScheduledThreadPoolExecutor$DelayedWorkQueue.take(ScheduledThreadPoolExecutor.java:1182)
 java.base@17.0.7/java.util.concurrent.ScheduledThreadPoolExecutor$DelayedWorkQueue.take(ScheduledThreadPoolExecutor.java:899)
 java.base@17.0.7/java.util.concurrent.ThreadPoolExecutor.getTask(ThreadPoolExecutor.java:1062)
 java.base@17.0.7/java.util.concurrent.ThreadPoolExecutor.runWorker(ThreadPoolExecutor.java:1122)
 java.base@17.0.7/java.util.concurrent.ThreadPoolExecutor$Worker.run(ThreadPoolExecutor.java:635)
 java.base@17.0.7/java.lang.Thread.run(Thread.java:833)
2023-08-22 23:19:25,072 INFO com.zaxxer.hikari.HikariDataSource [Thread-5] HikariPool-1 - Shutdown initiated...
2023-08-22 23:19:25,078 INFO com.zaxxer.hikari.HikariDataSource [Thread-5] HikariPool-1 - Shutdown completed.
2023-08-22 23:19:25,153 INFO com.app.Application [restartedMain] Starting Application using Java 17.0.7 on sunbeam-Nitro-AN515-51 with PID 15678 (/home/sunbeam/Desktop/Project/Alpha/MyMaestroApp/mymaestroapp-backend/mymaestroapp/target/classes started by sunbeam in /home/sunbeam/Desktop/Project/Alpha/MyMaestroApp/mymaestroapp-backend/mymaestroapp)
2023-08-22 23:19:25,153 DEBUG com.app.Application [restartedMain] Running with Spring Boot v2.7.13, Spring v5.3.28
2023-08-22 23:19:25,153 INFO com.app.Application [restartedMain] No active profile set, falling back to 1 default profile: "default"
2023-08-22 23:19:25,441 INFO org.apache.catalina.core.StandardService [restartedMain] Starting service [Tomcat]
2023-08-22 23:19:25,441 INFO org.apache.catalina.core.StandardEngine [restartedMain] Starting Servlet engine: [Apache Tomcat/9.0.76]
2023-08-22 23:19:25,450 INFO org.apache.catalina.core.ContainerBase.[Tomcat].[localhost].[/] [restartedMain] Initializing Spring embedded WebApplicationContext
2023-08-22 23:19:25,495 INFO org.hibernate.jpa.internal.util.LogHelper [restartedMain] HHH000204: Processing PersistenceUnitInfo [name: default]
2023-08-22 23:19:25,499 INFO com.zaxxer.hikari.HikariDataSource [restartedMain] HikariPool-2 - Starting...
2023-08-22 23:19:25,502 INFO com.zaxxer.hikari.HikariDataSource [restartedMain] HikariPool-2 - Start completed.
2023-08-22 23:19:25,503 INFO org.hibernate.dialect.Dialect [restartedMain] HHH000400: Using dialect: org.hibernate.dialect.MySQL8Dialect
2023-08-22 23:19:25,656 INFO org.hibernate.engine.transaction.jta.platform.internal.JtaPlatformInitiator [restartedMain] HHH000490: Using JtaPlatform implementation: [org.hibernate.engine.transaction.jta.platform.internal.NoJtaPlatform]
2023-08-22 23:19:25,759 DEBUG com.app.filters.JWTRequestFilter [restartedMain] Filter 'JWTRequestFilter' configured for use
2023-08-22 23:19:26,312 INFO com.app.Application [restartedMain] Started Application in 1.184 seconds (JVM running for 96.359)
2023-08-22 23:19:30,965 INFO org.apache.catalina.core.StandardService [RMI TCP Connection(2)-127.0.0.1] Stopping service [Tomcat]
2023-08-22 23:19:30,967 WARN org.apache.catalina.loader.WebappClassLoaderBase [RMI TCP Connection(2)-127.0.0.1] The web application [ROOT] appears to have started a thread named [HikariPool-2 housekeeper] but has failed to stop it. This is very likely to create a memory leak. Stack trace of thread:
 java.base@17.0.7/jdk.internal.misc.Unsafe.park(Native Method)
 java.base@17.0.7/java.util.concurrent.locks.LockSupport.parkNanos(LockSupport.java:252)
 java.base@17.0.7/java.util.concurrent.locks.AbstractQueuedSynchronizer$ConditionObject.awaitNanos(AbstractQueuedSynchronizer.java:1672)
 java.base@17.0.7/java.util.concurrent.ScheduledThreadPoolExecutor$DelayedWorkQueue.take(ScheduledThreadPoolExecutor.java:1182)
 java.base@17.0.7/java.util.concurrent.ScheduledThreadPoolExecutor$DelayedWorkQueue.take(ScheduledThreadPoolExecutor.java:899)
 java.base@17.0.7/java.util.concurrent.ThreadPoolExecutor.getTask(ThreadPoolExecutor.java:1062)
 java.base@17.0.7/java.util.concurrent.ThreadPoolExecutor.runWorker(ThreadPoolExecutor.java:1122)
 java.base@17.0.7/java.util.concurrent.ThreadPoolExecutor$Worker.run(ThreadPoolExecutor.java:635)
 java.base@17.0.7/java.lang.Thread.run(Thread.java:833)
2023-08-22 23:19:30,972 INFO com.zaxxer.hikari.HikariDataSource [RMI TCP Connection(2)-127.0.0.1] HikariPool-2 - Shutdown initiated...
2023-08-22 23:19:30,975 INFO com.zaxxer.hikari.HikariDataSource [RMI TCP Connection(2)-127.0.0.1] HikariPool-2 - Shutdown completed.
2023-08-22 23:19:32,497 INFO com.app.Application [restartedMain] Starting Application using Java 17.0.7 on sunbeam-Nitro-AN515-51 with PID 16158 (/home/sunbeam/Desktop/Project/Alpha/MyMaestroApp/mymaestroapp-backend/mymaestroapp/target/classes started by sunbeam in /home/sunbeam/Desktop/Project/Alpha/MyMaestroApp/mymaestroapp-backend/mymaestroapp)
2023-08-22 23:19:32,498 DEBUG com.app.Application [restartedMain] Running with Spring Boot v2.7.13, Spring v5.3.28
2023-08-22 23:19:32,499 INFO com.app.Application [restartedMain] No active profile set, falling back to 1 default profile: "default"
2023-08-22 23:19:33,825 INFO org.apache.catalina.core.StandardService [restartedMain] Starting service [Tomcat]
2023-08-22 23:19:33,825 INFO org.apache.catalina.core.StandardEngine [restartedMain] Starting Servlet engine: [Apache Tomcat/9.0.76]
2023-08-22 23:19:33,910 INFO org.apache.catalina.core.ContainerBase.[Tomcat].[localhost].[/] [restartedMain] Initializing Spring embedded WebApplicationContext
2023-08-22 23:19:34,053 INFO org.hibernate.jpa.internal.util.LogHelper [restartedMain] HHH000204: Processing PersistenceUnitInfo [name: default]
2023-08-22 23:19:34,095 INFO org.hibernate.Version [restartedMain] HHH000412: Hibernate ORM core version 5.6.15.Final
2023-08-22 23:19:34,226 INFO org.hibernate.annotations.common.Version [restartedMain] HCANN000001: Hibernate Commons Annotations {5.1.2.Final}
2023-08-22 23:19:34,323 INFO com.zaxxer.hikari.HikariDataSource [restartedMain] HikariPool-1 - Starting...
2023-08-22 23:19:34,481 INFO com.zaxxer.hikari.HikariDataSource [restartedMain] HikariPool-1 - Start completed.
2023-08-22 23:19:34,495 INFO org.hibernate.dialect.Dialect [restartedMain] HHH000400: Using dialect: org.hibernate.dialect.MySQL8Dialect
2023-08-22 23:19:35,226 INFO org.hibernate.engine.transaction.jta.platform.internal.JtaPlatformInitiator [restartedMain] HHH000490: Using JtaPlatform implementation: [org.hibernate.engine.transaction.jta.platform.internal.NoJtaPlatform]
2023-08-22 23:19:35,576 DEBUG com.app.filters.JWTRequestFilter [restartedMain] Filter 'JWTRequestFilter' configured for use
2023-08-22 23:19:36,870 INFO com.app.Application [restartedMain] Started Application in 4.694 seconds (JVM running for 5.304)
2023-08-22 23:19:43,268 INFO org.apache.catalina.core.ContainerBase.[Tomcat].[localhost].[/] [http-nio-8080-exec-1] Initializing Spring DispatcherServlet 'dispatcherServlet'
2023-08-22 23:19:43,288 INFO com.app.filters.JWTRequestFilter [http-nio-8080-exec-1] in once per request filter
2023-08-22 23:19:43,288 ERROR com.app.filters.JWTRequestFilter [http-nio-8080-exec-1] Request header DOES NOT contain a Bearer Token
2023-08-22 23:19:43,713 INFO com.app.jwt_utils.JwtUtils [http-nio-8080-exec-1] generate jwt token UsernamePasswordAuthenticationToken [Principal=com.app.security.MyUserDetails@8a217fa, Credentials=[PROTECTED], Authenticated=true, Details=null, Granted Authorities=[ROLE_MAESTRO]]
2023-08-22 23:30:37,424 INFO org.apache.catalina.core.StandardService [Thread-5] Stopping service [Tomcat]
2023-08-22 23:30:37,425 INFO org.apache.catalina.core.ContainerBase.[Tomcat].[localhost].[/] [Thread-5] Destroying Spring FrameworkServlet 'dispatcherServlet'
2023-08-22 23:30:37,427 WARN org.apache.catalina.loader.WebappClassLoaderBase [Thread-5] The web application [ROOT] appears to have started a thread named [HikariPool-1 housekeeper] but has failed to stop it. This is very likely to create a memory leak. Stack trace of thread:
 java.base@17.0.7/jdk.internal.misc.Unsafe.park(Native Method)
 java.base@17.0.7/java.util.concurrent.locks.LockSupport.parkNanos(LockSupport.java:252)
 java.base@17.0.7/java.util.concurrent.locks.AbstractQueuedSynchronizer$ConditionObject.awaitNanos(AbstractQueuedSynchronizer.java:1672)
 java.base@17.0.7/java.util.concurrent.ScheduledThreadPoolExecutor$DelayedWorkQueue.take(ScheduledThreadPoolExecutor.java:1182)
 java.base@17.0.7/java.util.concurrent.ScheduledThreadPoolExecutor$DelayedWorkQueue.take(ScheduledThreadPoolExecutor.java:899)
 java.base@17.0.7/java.util.concurrent.ThreadPoolExecutor.getTask(ThreadPoolExecutor.java:1062)
 java.base@17.0.7/java.util.concurrent.ThreadPoolExecutor.runWorker(ThreadPoolExecutor.java:1122)
 java.base@17.0.7/java.util.concurrent.ThreadPoolExecutor$Worker.run(ThreadPoolExecutor.java:635)
 java.base@17.0.7/java.lang.Thread.run(Thread.java:833)
2023-08-22 23:30:37,435 INFO com.zaxxer.hikari.HikariDataSource [Thread-5] HikariPool-1 - Shutdown initiated...
2023-08-22 23:30:37,440 INFO com.zaxxer.hikari.HikariDataSource [Thread-5] HikariPool-1 - Shutdown completed.
2023-08-22 23:30:37,511 INFO com.app.Application [restartedMain] Starting Application using Java 17.0.7 on sunbeam-Nitro-AN515-51 with PID 16158 (/home/sunbeam/Desktop/Project/Alpha/MyMaestroApp/mymaestroapp-backend/mymaestroapp/target/classes started by sunbeam in /home/sunbeam/Desktop/Project/Alpha/MyMaestroApp/mymaestroapp-backend/mymaestroapp)
2023-08-22 23:30:37,511 DEBUG com.app.Application [restartedMain] Running with Spring Boot v2.7.13, Spring v5.3.28
2023-08-22 23:30:37,511 INFO com.app.Application [restartedMain] No active profile set, falling back to 1 default profile: "default"
2023-08-22 23:30:37,791 INFO org.apache.catalina.core.StandardService [restartedMain] Starting service [Tomcat]
2023-08-22 23:30:37,791 INFO org.apache.catalina.core.StandardEngine [restartedMain] Starting Servlet engine: [Apache Tomcat/9.0.76]
2023-08-22 23:30:37,800 INFO org.apache.catalina.core.ContainerBase.[Tomcat].[localhost].[/] [restartedMain] Initializing Spring embedded WebApplicationContext
2023-08-22 23:30:37,846 INFO org.hibernate.jpa.internal.util.LogHelper [restartedMain] HHH000204: Processing PersistenceUnitInfo [name: default]
2023-08-22 23:30:37,849 INFO com.zaxxer.hikari.HikariDataSource [restartedMain] HikariPool-2 - Starting...
2023-08-22 23:30:37,853 INFO com.zaxxer.hikari.HikariDataSource [restartedMain] HikariPool-2 - Start completed.
2023-08-22 23:30:37,853 INFO org.hibernate.dialect.Dialect [restartedMain] HHH000400: Using dialect: org.hibernate.dialect.MySQL8Dialect
2023-08-22 23:30:38,010 INFO org.hibernate.engine.transaction.jta.platform.internal.JtaPlatformInitiator [restartedMain] HHH000490: Using JtaPlatform implementation: [org.hibernate.engine.transaction.jta.platform.internal.NoJtaPlatform]
2023-08-22 23:30:38,111 DEBUG com.app.filters.JWTRequestFilter [restartedMain] Filter 'JWTRequestFilter' configured for use
2023-08-22 23:30:38,663 INFO com.app.Application [restartedMain] Started Application in 1.174 seconds (JVM running for 667.097)
2023-08-22 23:31:19,233 INFO org.apache.catalina.core.StandardService [Thread-7] Stopping service [Tomcat]
2023-08-22 23:31:19,237 WARN org.apache.catalina.loader.WebappClassLoaderBase [Thread-7] The web application [ROOT] appears to have started a thread named [HikariPool-2 housekeeper] but has failed to stop it. This is very likely to create a memory leak. Stack trace of thread:
 java.base@17.0.7/jdk.internal.misc.Unsafe.park(Native Method)
 java.base@17.0.7/java.util.concurrent.locks.LockSupport.parkNanos(LockSupport.java:252)
 java.base@17.0.7/java.util.concurrent.locks.AbstractQueuedSynchronizer$ConditionObject.awaitNanos(AbstractQueuedSynchronizer.java:1672)
 java.base@17.0.7/java.util.concurrent.ScheduledThreadPoolExecutor$DelayedWorkQueue.take(ScheduledThreadPoolExecutor.java:1182)
 java.base@17.0.7/java.util.concurrent.ScheduledThreadPoolExecutor$DelayedWorkQueue.take(ScheduledThreadPoolExecutor.java:899)
 java.base@17.0.7/java.util.concurrent.ThreadPoolExecutor.getTask(ThreadPoolExecutor.java:1062)
 java.base@17.0.7/java.util.concurrent.ThreadPoolExecutor.runWorker(ThreadPoolExecutor.java:1122)
 java.base@17.0.7/java.util.concurrent.ThreadPoolExecutor$Worker.run(ThreadPoolExecutor.java:635)
 java.base@17.0.7/java.lang.Thread.run(Thread.java:833)
2023-08-22 23:31:19,246 INFO com.zaxxer.hikari.HikariDataSource [Thread-7] HikariPool-2 - Shutdown initiated...
2023-08-22 23:31:19,251 INFO com.zaxxer.hikari.HikariDataSource [Thread-7] HikariPool-2 - Shutdown completed.
2023-08-22 23:31:19,334 INFO com.app.Application [restartedMain] Starting Application using Java 17.0.7 on sunbeam-Nitro-AN515-51 with PID 16158 (/home/sunbeam/Desktop/Project/Alpha/MyMaestroApp/mymaestroapp-backend/mymaestroapp/target/classes started by sunbeam in /home/sunbeam/Desktop/Project/Alpha/MyMaestroApp/mymaestroapp-backend/mymaestroapp)
2023-08-22 23:31:19,334 DEBUG com.app.Application [restartedMain] Running with Spring Boot v2.7.13, Spring v5.3.28
2023-08-22 23:31:19,334 INFO com.app.Application [restartedMain] No active profile set, falling back to 1 default profile: "default"
2023-08-22 23:31:19,600 INFO org.apache.catalina.core.StandardService [restartedMain] Starting service [Tomcat]
2023-08-22 23:31:19,600 INFO org.apache.catalina.core.StandardEngine [restartedMain] Starting Servlet engine: [Apache Tomcat/9.0.76]
2023-08-22 23:31:19,608 INFO org.apache.catalina.core.ContainerBase.[Tomcat].[localhost].[/] [restartedMain] Initializing Spring embedded WebApplicationContext
2023-08-22 23:31:19,653 INFO org.hibernate.jpa.internal.util.LogHelper [restartedMain] HHH000204: Processing PersistenceUnitInfo [name: default]
2023-08-22 23:31:19,657 INFO com.zaxxer.hikari.HikariDataSource [restartedMain] HikariPool-3 - Starting...
2023-08-22 23:31:19,660 INFO com.zaxxer.hikari.HikariDataSource [restartedMain] HikariPool-3 - Start completed.
2023-08-22 23:31:19,660 INFO org.hibernate.dialect.Dialect [restartedMain] HHH000400: Using dialect: org.hibernate.dialect.MySQL8Dialect
2023-08-22 23:31:19,799 INFO org.hibernate.engine.transaction.jta.platform.internal.JtaPlatformInitiator [restartedMain] HHH000490: Using JtaPlatform implementation: [org.hibernate.engine.transaction.jta.platform.internal.NoJtaPlatform]
2023-08-22 23:31:19,906 DEBUG com.app.filters.JWTRequestFilter [restartedMain] Filter 'JWTRequestFilter' configured for use
2023-08-22 23:31:20,452 INFO com.app.Application [restartedMain] Started Application in 1.138 seconds (JVM running for 708.886)
2023-08-22 23:31:22,887 INFO org.apache.catalina.core.StandardService [RMI TCP Connection(2)-127.0.0.1] Stopping service [Tomcat]
2023-08-22 23:31:22,890 WARN org.apache.catalina.loader.WebappClassLoaderBase [RMI TCP Connection(2)-127.0.0.1] The web application [ROOT] appears to have started a thread named [HikariPool-3 housekeeper] but has failed to stop it. This is very likely to create a memory leak. Stack trace of thread:
 java.base@17.0.7/jdk.internal.misc.Unsafe.park(Native Method)
 java.base@17.0.7/java.util.concurrent.locks.LockSupport.parkNanos(LockSupport.java:252)
 java.base@17.0.7/java.util.concurrent.locks.AbstractQueuedSynchronizer$ConditionObject.awaitNanos(AbstractQueuedSynchronizer.java:1672)
 java.base@17.0.7/java.util.concurrent.ScheduledThreadPoolExecutor$DelayedWorkQueue.take(ScheduledThreadPoolExecutor.java:1182)
 java.base@17.0.7/java.util.concurrent.ScheduledThreadPoolExecutor$DelayedWorkQueue.take(ScheduledThreadPoolExecutor.java:899)
 java.base@17.0.7/java.util.concurrent.ThreadPoolExecutor.getTask(ThreadPoolExecutor.java:1062)
 java.base@17.0.7/java.util.concurrent.ThreadPoolExecutor.runWorker(ThreadPoolExecutor.java:1122)
 java.base@17.0.7/java.util.concurrent.ThreadPoolExecutor$Worker.run(ThreadPoolExecutor.java:635)
 java.base@17.0.7/java.lang.Thread.run(Thread.java:833)
2023-08-22 23:31:22,890 WARN org.apache.catalina.loader.WebappClassLoaderBase [RMI TCP Connection(2)-127.0.0.1] The web application [ROOT] appears to have started a thread named [HikariPool-3 connection adder] but has failed to stop it. This is very likely to create a memory leak. Stack trace of thread:
 java.base@17.0.7/jdk.internal.misc.Unsafe.park(Native Method)
 java.base@17.0.7/java.util.concurrent.locks.LockSupport.parkNanos(LockSupport.java:252)
 java.base@17.0.7/java.util.concurrent.locks.AbstractQueuedSynchronizer$ConditionObject.awaitNanos(AbstractQueuedSynchronizer.java:1672)
 java.base@17.0.7/java.util.concurrent.LinkedBlockingQueue.poll(LinkedBlockingQueue.java:460)
 java.base@17.0.7/java.util.concurrent.ThreadPoolExecutor.getTask(ThreadPoolExecutor.java:1061)
 java.base@17.0.7/java.util.concurrent.ThreadPoolExecutor.runWorker(ThreadPoolExecutor.java:1122)
 java.base@17.0.7/java.util.concurrent.ThreadPoolExecutor$Worker.run(ThreadPoolExecutor.java:635)
 java.base@17.0.7/java.lang.Thread.run(Thread.java:833)
2023-08-22 23:31:22,894 INFO com.zaxxer.hikari.HikariDataSource [RMI TCP Connection(2)-127.0.0.1] HikariPool-3 - Shutdown initiated...
2023-08-22 23:31:22,896 INFO com.zaxxer.hikari.HikariDataSource [RMI TCP Connection(2)-127.0.0.1] HikariPool-3 - Shutdown completed.
2023-08-22 23:31:24.406  INFO 16930 --- [restartedMain] com.app.Application                      : Starting Application using Java 17.0.7 on sunbeam-Nitro-AN515-51 with PID 16930 (/home/sunbeam/Desktop/Project/Alpha/MyMaestroApp/mymaestroapp-backend/mymaestroapp/target/classes started by sunbeam in /home/sunbeam/Desktop/Project/Alpha/MyMaestroApp/mymaestroapp-backend/mymaestroapp)
2023-08-22 23:31:24.407 DEBUG 16930 --- [restartedMain] com.app.Application                      : Running with Spring Boot v2.7.13, Spring v5.3.28
2023-08-22 23:31:24.408  INFO 16930 --- [restartedMain] com.app.Application                      : No active profile set, falling back to 1 default profile: "default"
2023-08-22 23:31:25.707  INFO 16930 --- [restartedMain] o.apache.catalina.core.StandardService   : Starting service [Tomcat]
2023-08-22 23:31:25.707  INFO 16930 --- [restartedMain] org.apache.catalina.core.StandardEngine  : Starting Servlet engine: [Apache Tomcat/9.0.76]
2023-08-22 23:31:25.782  INFO 16930 --- [restartedMain] o.a.c.c.C.[Tomcat].[localhost].[/]       : Initializing Spring embedded WebApplicationContext
2023-08-22 23:31:25.924  INFO 16930 --- [restartedMain] o.hibernate.jpa.internal.util.LogHelper  : HHH000204: Processing PersistenceUnitInfo [name: default]
2023-08-22 23:31:25.961  INFO 16930 --- [restartedMain] org.hibernate.Version                    : HHH000412: Hibernate ORM core version 5.6.15.Final
2023-08-22 23:31:26.085  INFO 16930 --- [restartedMain] o.hibernate.annotations.common.Version   : HCANN000001: Hibernate Commons Annotations {5.1.2.Final}
2023-08-22 23:31:26.172  INFO 16930 --- [restartedMain] com.zaxxer.hikari.HikariDataSource       : HikariPool-1 - Starting...
2023-08-22 23:31:26.314  INFO 16930 --- [restartedMain] com.zaxxer.hikari.HikariDataSource       : HikariPool-1 - Start completed.
2023-08-22 23:31:26.327  INFO 16930 --- [restartedMain] org.hibernate.dialect.Dialect            : HHH000400: Using dialect: org.hibernate.dialect.MySQL8Dialect
2023-08-22 23:31:27.061  INFO 16930 --- [restartedMain] o.h.e.t.j.p.i.JtaPlatformInitiator       : HHH000490: Using JtaPlatform implementation: [org.hibernate.engine.transaction.jta.platform.internal.NoJtaPlatform]
2023-08-22 23:31:27.464 DEBUG 16930 --- [restartedMain] com.app.filters.JWTRequestFilter         : Filter 'JWTRequestFilter' configured for use
2023-08-22 23:31:28.802  INFO 16930 --- [restartedMain] com.app.Application                      : Started Application in 4.708 seconds (JVM running for 5.31)
2023-08-22 23:34:01.466  INFO 16930 --- [http-nio-8080-exec-1] o.a.c.c.C.[Tomcat].[localhost].[/]       : Initializing Spring DispatcherServlet 'dispatcherServlet'
2023-08-22 23:34:01.484  INFO 16930 --- [http-nio-8080-exec-1] com.app.filters.JWTRequestFilter         : in once per request filter
2023-08-22 23:34:01.484 ERROR 16930 --- [http-nio-8080-exec-1] com.app.filters.JWTRequestFilter         : Request header DOES NOT contain a Bearer Token
2023-08-22 23:34:03.359  INFO 16930 --- [http-nio-8080-exec-2] com.app.filters.JWTRequestFilter         : in once per request filter
2023-08-22 23:34:03.359 ERROR 16930 --- [http-nio-8080-exec-2] com.app.filters.JWTRequestFilter         : Request header DOES NOT contain a Bearer Token
